<?xml version="1.0" encoding="UTF-8"?>
<!-- Generated by org.testng.reporters.JUnitXMLReporter -->
<testsuite ignored="2" hostname="DESKTOP-K4LJSUG" failures="0" tests="6" name="Test" time="21.358" errors="0" timestamp="2023-02-23T14:57:12 IST">
  <testcase classname="testjava.PIMTest" name="verifyPimPageTitle" time="3.014"/>
  <testcase classname="testjava.PIMTest" name="empidSearchID" time="0.277"/>
  <testcase classname="testjava.LoginTest" name="verifyBuildTitleName" time="0.144"/>
  <testcase classname="testjava.LoginTest" name="verifyTitleofLoginPage" time="0.393"/>
  <testcase classname="testjava.LoginTest" name="verifyCurrentUrlOfPage" time="0.023"/>
  <testcase classname="testjava.LoginTest" name="verifyloginWithCorrectCrediential" time="4.468"/>
  <testcase classname="testjava.BaseTest" name="@BeforeSuite initBrowser" time="0.0">
    <ignored/>
  </testcase> <!-- @BeforeSuite initBrowser -->
  <testcase classname="testjava.BaseTest" name="@AfterSuite tearDownEnvironment" time="0.0">
    <ignored/>
  </testcase> <!-- @AfterSuite tearDownEnvironment -->
</testsuite> <!-- Test -->
