<?xml version="1.0" encoding="UTF-8"?>
<testng-results ignored="2" total="8" passed="6" failed="0" skipped="0">
  <reporter-output>
  </reporter-output>
  <suite started-at="2023-02-23T14:56:50 IST" name="Suite" finished-at="2023-02-23T14:57:12 IST" duration-ms="21358">
    <groups>
      <group name="regression">
        <method signature="LoginTest.verifyBuildTitleName()[pri:-1, instance:testjava.LoginTest@6e6f2380]" name="verifyBuildTitleName" class="testjava.LoginTest"/>
        <method signature="LoginTest.verifyTitleofLoginPage()[pri:0, instance:testjava.LoginTest@6e6f2380]" name="verifyTitleofLoginPage" class="testjava.LoginTest"/>
        <method signature="LoginTest.verifyCurrentUrlOfPage()[pri:1, instance:testjava.LoginTest@6e6f2380]" name="verifyCurrentUrlOfPage" class="testjava.LoginTest"/>
        <method signature="LoginTest.verifyloginWithCorrectCrediential()[pri:2, instance:testjava.LoginTest@6e6f2380]" name="verifyloginWithCorrectCrediential" class="testjava.LoginTest"/>
        <method signature="PIMTest.verifyPimPageTitle()[pri:3, instance:testjava.PIMTest@f78a47e]" name="verifyPimPageTitle" class="testjava.PIMTest"/>
        <method signature="PIMTest.empidSearchID()[pri:4, instance:testjava.PIMTest@f78a47e]" name="empidSearchID" class="testjava.PIMTest"/>
      </group> <!-- regression -->
      <group name="smoke">
        <method signature="LoginTest.verifyBuildTitleName()[pri:-1, instance:testjava.LoginTest@6e6f2380]" name="verifyBuildTitleName" class="testjava.LoginTest"/>
        <method signature="LoginTest.verifyTitleofLoginPage()[pri:0, instance:testjava.LoginTest@6e6f2380]" name="verifyTitleofLoginPage" class="testjava.LoginTest"/>
        <method signature="LoginTest.verifyCurrentUrlOfPage()[pri:1, instance:testjava.LoginTest@6e6f2380]" name="verifyCurrentUrlOfPage" class="testjava.LoginTest"/>
        <method signature="LoginTest.verifyloginWithCorrectCrediential()[pri:2, instance:testjava.LoginTest@6e6f2380]" name="verifyloginWithCorrectCrediential" class="testjava.LoginTest"/>
        <method signature="PIMTest.verifyPimPageTitle()[pri:3, instance:testjava.PIMTest@f78a47e]" name="verifyPimPageTitle" class="testjava.PIMTest"/>
        <method signature="PIMTest.empidSearchID()[pri:4, instance:testjava.PIMTest@f78a47e]" name="empidSearchID" class="testjava.PIMTest"/>
      </group> <!-- smoke -->
    </groups>
    <test started-at="2023-02-23T14:56:50 IST" name="Test" finished-at="2023-02-23T14:57:12 IST" duration-ms="21358">
      <class name="testjava.LoginTest">
        <test-method is-config="true" signature="pageobjects()[pri:0, instance:testjava.LoginTest@6e6f2380]" started-at="2023-02-23T14:57:01 IST" name="pageobjects" finished-at="2023-02-23T14:57:01 IST" duration-ms="9" status="PASS">
          <reporter-output>
          </reporter-output>
        </test-method> <!-- pageobjects -->
        <test-method signature="verifyBuildTitleName()[pri:-1, instance:testjava.LoginTest@6e6f2380]" started-at="2023-02-23T14:57:01 IST" name="verifyBuildTitleName" finished-at="2023-02-23T14:57:01 IST" duration-ms="144" status="PASS">
          <reporter-output>
          </reporter-output>
        </test-method> <!-- verifyBuildTitleName -->
        <test-method signature="verifyTitleofLoginPage()[pri:0, instance:testjava.LoginTest@6e6f2380]" started-at="2023-02-23T14:57:01 IST" name="verifyTitleofLoginPage" finished-at="2023-02-23T14:57:02 IST" duration-ms="393" status="PASS">
          <reporter-output>
          </reporter-output>
        </test-method> <!-- verifyTitleofLoginPage -->
        <test-method signature="verifyCurrentUrlOfPage()[pri:1, instance:testjava.LoginTest@6e6f2380]" started-at="2023-02-23T14:57:02 IST" name="verifyCurrentUrlOfPage" finished-at="2023-02-23T14:57:02 IST" duration-ms="23" status="PASS">
          <reporter-output>
          </reporter-output>
        </test-method> <!-- verifyCurrentUrlOfPage -->
        <test-method signature="verifyloginWithCorrectCrediential()[pri:2, instance:testjava.LoginTest@6e6f2380]" started-at="2023-02-23T14:57:02 IST" name="verifyloginWithCorrectCrediential" finished-at="2023-02-23T14:57:06 IST" duration-ms="4468" status="PASS">
          <reporter-output>
          </reporter-output>
        </test-method> <!-- verifyloginWithCorrectCrediential -->
        <test-method is-config="true" signature="Logoutuser()[pri:0, instance:testjava.LoginTest@6e6f2380]" started-at="2023-02-23T14:57:06 IST" name="Logoutuser" finished-at="2023-02-23T14:57:12 IST" duration-ms="5248" status="PASS">
          <reporter-output>
          </reporter-output>
        </test-method> <!-- Logoutuser -->
      </class> <!-- testjava.LoginTest -->
      <class name="testjava.PIMTest">
        <test-method is-config="true" signature="initBrowser()[pri:0, instance:testjava.PIMTest@f78a47e]" started-at="2023-02-23T14:56:24 IST" name="initBrowser" finished-at="2023-02-23T14:56:50 IST" duration-ms="25786" status="PASS">
          <reporter-output>
          </reporter-output>
        </test-method> <!-- initBrowser -->
        <test-method is-config="true" signature="pageobjects()[pri:0, instance:testjava.PIMTest@f78a47e]" started-at="2023-02-23T14:56:50 IST" name="pageobjects" finished-at="2023-02-23T14:56:50 IST" duration-ms="188" status="PASS">
          <reporter-output>
          </reporter-output>
        </test-method> <!-- pageobjects -->
        <test-method is-config="true" signature="Login()[pri:0, instance:testjava.PIMTest@f78a47e]" started-at="2023-02-23T14:56:50 IST" name="Login" finished-at="2023-02-23T14:56:54 IST" duration-ms="3876" status="PASS">
          <reporter-output>
          </reporter-output>
        </test-method> <!-- Login -->
        <test-method signature="verifyPimPageTitle()[pri:3, instance:testjava.PIMTest@f78a47e]" started-at="2023-02-23T14:56:54 IST" name="verifyPimPageTitle" finished-at="2023-02-23T14:56:57 IST" duration-ms="3014" status="PASS">
          <reporter-output>
          </reporter-output>
        </test-method> <!-- verifyPimPageTitle -->
        <test-method signature="empidSearchID()[pri:4, instance:testjava.PIMTest@f78a47e]" started-at="2023-02-23T14:56:57 IST" name="empidSearchID" finished-at="2023-02-23T14:56:58 IST" duration-ms="277" status="PASS">
          <reporter-output>
          </reporter-output>
        </test-method> <!-- empidSearchID -->
        <test-method is-config="true" signature="Logoutuser()[pri:0, instance:testjava.PIMTest@f78a47e]" started-at="2023-02-23T14:56:58 IST" name="Logoutuser" finished-at="2023-02-23T14:57:01 IST" duration-ms="3514" status="PASS">
          <reporter-output>
          </reporter-output>
        </test-method> <!-- Logoutuser -->
        <test-method is-config="true" signature="tearDownEnvironment()[pri:0, instance:testjava.PIMTest@f78a47e]" started-at="2023-02-23T14:57:12 IST" name="tearDownEnvironment" finished-at="2023-02-23T14:57:27 IST" duration-ms="14438" status="PASS">
          <reporter-output>
          </reporter-output>
        </test-method> <!-- tearDownEnvironment -->
      </class> <!-- testjava.PIMTest -->
    </test> <!-- Test -->
  </suite> <!-- Suite -->
</testng-results>
